# JRE version: OpenJDK Runtime Environment (8.0_152-b06) (build 1.8.0_152-release-1136-b06)
# Java VM: OpenJDK 64-Bit Server VM (25.152-b06 mixed mode windows-amd64 compressed oops)
Heap:
 PSYoungGen      total 491008K, used 41597K [0x00000000e0000000, 0x0000000100000000, 0x0000000100000000)
  eden space 463872K, 3% used [0x00000000e0000000,0x00000000e10f9fd0,0x00000000fc500000)
  from space 27136K, 89% used [0x00000000fe480000,0x00000000ffc257e8,0x00000000fff00000)
  to   space 30208K, 0% used [0x00000000fc500000,0x00000000fc500000,0x00000000fe280000)
 ParOldGen       total 215040K, used 105968K [0x00000000a0000000, 0x00000000ad200000, 0x00000000e0000000)
  object space 215040K, 49% used [0x00000000a0000000,0x00000000a677c2a0,0x00000000ad200000)
 Metaspace       used 109196K, capacity 114814K, committed 115072K, reserved 1148928K
  class space    used 13726K, capacity 14943K, committed 14976K, reserved 1048576K
GC Heap History (10 events):
Event: 335.262 GC heap before
{Heap before GC invocations=32 (full 4):
 PSYoungGen      total 386048K, used 363328K [0x00000000e0000000, 0x00000000fcb80000, 0x0000000100000000)
  eden space 359936K, 100% used [0x00000000e0000000,0x00000000f5f80000,0x00000000f5f80000)
  from space 26112K, 12% used [0x00000000f5f80000,0x00000000f62d0010,0x00000000f7900000)
  to   space 26112K, 0% used [0x00000000fb200000,0x00000000fb200000,0x00000000fcb80000)
 ParOldGen       total 215040K, used 101743K [0x00000000a0000000, 0x00000000ad200000, 0x00000000e0000000)
  object space 215040K, 47% used [0x00000000a0000000,0x00000000a635bd58,0x00000000ad200000)
 Metaspace       used 101722K, capacity 106002K, committed 106112K, reserved 1140736K
  class space    used 12922K, capacity 13854K, committed 13952K, reserved 1048576K
Event: 335.386 GC heap after
Heap after GC invocations=32 (full 4):
 PSYoungGen      total 441344K, used 23310K [0x00000000e0000000, 0x00000000fd100000, 0x0000000100000000)
  eden space 415232K, 0% used [0x00000000e0000000,0x00000000e0000000,0x00000000f9580000)
  from space 26112K, 89% used [0x00000000fb200000,0x00000000fc8c39f8,0x00000000fcb80000)
  to   space 29184K, 0% used [0x00000000f9580000,0x00000000f9580000,0x00000000fb200000)
 ParOldGen       total 215040K, used 103071K [0x00000000a0000000, 0x00000000ad200000, 0x00000000e0000000)
  object space 215040K, 47% used [0x00000000a0000000,0x00000000a64a7c70,0x00000000ad200000)
 Metaspace       used 101722K, capacity 106002K, committed 106112K, reserved 1140736K
  class space    used 12922K, capacity 13854K, committed 13952K, reserved 1048576K
}
Event: 339.345 GC heap before
{Heap before GC invocations=33 (full 4):
 PSYoungGen      total 441344K, used 437632K [0x00000000e0000000, 0x00000000fd100000, 0x0000000100000000)
  eden space 415232K, 99% used [0x00000000e0000000,0x00000000f949c7d0,0x00000000f9580000)
  from space 26112K, 89% used [0x00000000fb200000,0x00000000fc8c39f8,0x00000000fcb80000)
  to   space 29184K, 0% used [0x00000000f9580000,0x00000000f9580000,0x00000000fb200000)
 ParOldGen       total 215040K, used 103071K [0x00000000a0000000, 0x00000000ad200000, 0x00000000e0000000)
  object space 215040K, 47% used [0x00000000a0000000,0x00000000a64a7c70,0x00000000ad200000)
 Metaspace       used 103532K, capacity 108116K, committed 108416K, reserved 1142784K
  class space    used 13184K, capacity 14161K, committed 14208K, reserved 1048576K
Event: 339.357 GC heap after
Heap after GC invocations=33 (full 4):
 PSYoungGen      total 444416K, used 6032K [0x00000000e0000000, 0x0000000100000000, 0x0000000100000000)
  eden space 415232K, 0% used [0x00000000e0000000,0x00000000e0000000,0x00000000f9580000)
  from space 29184K, 20% used [0x00000000f9580000,0x00000000f9b640b8,0x00000000fb200000)
  to   space 28672K, 0% used [0x00000000fe400000,0x00000000fe400000,0x0000000100000000)
 ParOldGen       total 215040K, used 105199K [0x00000000a0000000, 0x00000000ad200000, 0x00000000e0000000)
  object space 215040K, 48% used [0x00000000a0000000,0x00000000a66bbd40,0x00000000ad200000)
 Metaspace       used 103532K, capacity 108116K, committed 108416K, reserved 1142784K
  class space    used 13184K, capacity 14161K, committed 14208K, reserved 1048576K
}
Event: 853.793 GC heap before
{Heap before GC invocations=34 (full 4):
 PSYoungGen      total 444416K, used 421141K [0x00000000e0000000, 0x0000000100000000, 0x0000000100000000)
  eden space 415232K, 99% used [0x00000000e0000000,0x00000000f9561558,0x00000000f9580000)
  from space 29184K, 20% used [0x00000000f9580000,0x00000000f9b640b8,0x00000000fb200000)
  to   space 28672K, 0% used [0x00000000fe400000,0x00000000fe400000,0x0000000100000000)
 ParOldGen       total 215040K, used 105199K [0x00000000a0000000, 0x00000000ad200000, 0x00000000e0000000)
  object space 215040K, 48% used [0x00000000a0000000,0x00000000a66bbd40,0x00000000ad200000)
 Metaspace       used 104429K, capacity 109226K, committed 109312K, reserved 1144832K
  class space    used 13244K, capacity 14262K, committed 14336K, reserved 1048576K
Event: 853.809 GC heap after
Heap after GC invocations=34 (full 4):
 PSYoungGen      total 493568K, used 6908K [0x00000000e0000000, 0x00000000ffe80000, 0x0000000100000000)
  eden space 466432K, 0% used [0x00000000e0000000,0x00000000e0000000,0x00000000fc780000)
  from space 27136K, 25% used [0x00000000fe400000,0x00000000feabf100,0x00000000ffe80000)
  to   space 28160K, 0% used [0x00000000fc780000,0x00000000fc780000,0x00000000fe300000)
 ParOldGen       total 215040K, used 105952K [0x00000000a0000000, 0x00000000ad200000, 0x00000000e0000000)
  object space 215040K, 49% used [0x00000000a0000000,0x00000000a67782a0,0x00000000ad200000)
 Metaspace       used 104429K, capacity 109226K, committed 109312K, reserved 1144832K
  class space    used 13244K, capacity 14262K, committed 14336K, reserved 1048576K
}
Event: 886.313 GC heap before
{Heap before GC invocations=35 (full 4):
 PSYoungGen      total 493568K, used 473340K [0x00000000e0000000, 0x00000000ffe80000, 0x0000000100000000)
  eden space 466432K, 100% used [0x00000000e0000000,0x00000000fc780000,0x00000000fc780000)
  from space 27136K, 25% used [0x00000000fe400000,0x00000000feabf100,0x00000000ffe80000)
  to   space 28160K, 0% used [0x00000000fc780000,0x00000000fc780000,0x00000000fe300000)
 ParOldGen       total 215040K, used 105952K [0x00000000a0000000, 0x00000000ad200000, 0x00000000e0000000)
  object space 215040K, 49% used [0x00000000a0000000,0x00000000a67782a0,0x00000000ad200000)
 Metaspace       used 105252K, capacity 110134K, committed 110464K, reserved 1144832K
  class space    used 13313K, capacity 14367K, committed 14464K, reserved 1048576K
Event: 886.326 GC heap after
Heap after GC invocations=35 (full 4):
 PSYoungGen      total 494592K, used 6884K [0x00000000e0000000, 0x00000000fff00000, 0x0000000100000000)
  eden space 466432K, 0% used [0x00000000e0000000,0x00000000e0000000,0x00000000fc780000)
  from space 28160K, 24% used [0x00000000fc780000,0x00000000fce393c8,0x00000000fe300000)
  to   space 27136K, 0% used [0x00000000fe480000,0x00000000fe480000,0x00000000fff00000)
 ParOldGen       total 215040K, used 105960K [0x00000000a0000000, 0x00000000ad200000, 0x00000000e0000000)
  object space 215040K, 49% used [0x00000000a0000000,0x00000000a677a2a0,0x00000000ad200000)
 Metaspace       used 105252K, capacity 110134K, committed 110464K, reserved 1144832K
  class space    used 13313K, capacity 14367K, committed 14464K, reserved 1048576K
}
Event: 1502.208 GC heap before
{Heap before GC invocations=36 (full 4):
 PSYoungGen      total 494592K, used 473316K [0x00000000e0000000, 0x00000000fff00000, 0x0000000100000000)
  eden space 466432K, 100% used [0x00000000e0000000,0x00000000fc780000,0x00000000fc780000)
  from space 28160K, 24% used [0x00000000fc780000,0x00000000fce393c8,0x00000000fe300000)
  to   space 27136K, 0% used [0x00000000fe480000,0x00000000fe480000,0x00000000fff00000)
 ParOldGen       total 215040K, used 105960K [0x00000000a0000000, 0x00000000ad200000, 0x00000000e0000000)
  object space 215040K, 49% used [0x00000000a0000000,0x00000000a677a2a0,0x00000000ad200000)
 Metaspace       used 109192K, capacity 114814K, committed 115072K, reserved 1148928K
  class space    used 13725K, capacity 14943K, committed 14976K, reserved 1048576K
Event: 1502.250 GC heap after
Heap after GC invocations=36 (full 4):
 PSYoungGen      total 491008K, used 24213K [0x00000000e0000000, 0x0000000100000000, 0x0000000100000000)
  eden space 463872K, 0% used [0x00000000e0000000,0x00000000e0000000,0x00000000fc500000)
  from space 27136K, 89% used [0x00000000fe480000,0x00000000ffc257e8,0x00000000fff00000)
  to   space 30208K, 0% used [0x00000000fc500000,0x00000000fc500000,0x00000000fe280000)
 ParOldGen       total 215040K, used 105968K [0x00000000a0000000, 0x00000000ad200000, 0x00000000e0000000)
  object space 215040K, 49% used [0x00000000a0000000,0x00000000a677c2a0,0x00000000ad200000)
 Metaspace       used 109192K, capacity 114814K, committed 115072K, reserved 1148928K
  class space    used 13725K, capacity 14943K, committed 14976K, reserved 1048576K
}

